<?xml version="1.0" encoding="UTF-8"?>
<!-- Generated by org.testng.reporters.JUnitReportReporter -->
<testsuite hostname="LAPTOP-IJ0C13NH" failures="0" tests="1" name="dummy.test2" time="0.009" errors="0" timestamp="2023-01-09T21:21:54 IST" skipped="0">
  <testcase classname="dummy.test2" name="m2" time="0.009"/>
  <system-out>
    <![CDATA[Nalli]]>
  </system-out>
</testsuite> <!-- dummy.test2 -->
